<?xml version="1.0" encoding="UTF-8"?>
<!-- Generated by org.testng.reporters.JUnitReportReporter -->
<testsuite hostname="DESKTOP-0IRRNAO" failures="0" tests="5" name="com.ictak.scripts.Studentpassword" time="6.871" errors="0" timestamp="2022-03-06T19:59:38 IST" skipped="0">
  <testcase classname="com.ictak.scripts.Studentpassword" name="verifyStudentRegistrationPasswordPositive" time="5.138"/>
  <system-out/>
  <testcase classname="com.ictak.scripts.Studentpassword" name="verifyStudentRegistrationPasswordNegative1" time="0.489"/>
  <system-out/>
  <testcase classname="com.ictak.scripts.Studentpassword" name="verifyStudentRegistrationPasswordNegative2" time="0.362"/>
  <system-out/>
  <testcase classname="com.ictak.scripts.Studentpassword" name="verifyStudentRegistrationPasswordNegative3" time="0.615"/>
  <system-out/>
  <testcase classname="com.ictak.scripts.Studentpassword" name="verifyStudentRegistrationPasswordNegative4" time="0.267"/>
  <system-out/>
</testsuite> <!-- com.ictak.scripts.Studentpassword -->
