<?xml version="1.0" encoding="UTF-8"?>
<!-- Generated by org.testng.reporters.JUnitReportReporter -->
<testsuite hostname="DESKTOP-0IRRNAO" failures="0" tests="2" name="com.ictak.scripts.Adminaddcourse1" time="16.982" errors="0" timestamp="2022-03-10T11:54:12 IST" skipped="0">
  <testcase classname="com.ictak.scripts.Adminaddcourse1" name="verifyAdminaddcourse" time="11.781"/>
  <system-out/>
  <testcase classname="com.ictak.scripts.Adminaddcourse1" name="verifyaddAdmincourseepage" time="5.201"/>
  <system-out/>
</testsuite> <!-- com.ictak.scripts.Adminaddcourse1 -->
