<?xml version="1.0" encoding="UTF-8"?>
<!-- Generated by org.testng.reporters.JUnitReportReporter -->
<testsuite hostname="DESKTOP-0IRRNAO" failures="0" tests="2" name="com.ictak.scripts.AdminCourse" time="31.085" errors="0" timestamp="2022-03-07T22:09:44 IST" skipped="0">
  <testcase classname="com.ictak.scripts.AdminCourse" name="verifyAdmincourseepage" time="28.358"/>
  <system-out/>
  <testcase classname="com.ictak.scripts.AdminCourse" name="verifyAdminSpecificcourse" time="2.727"/>
  <system-out/>
</testsuite> <!-- com.ictak.scripts.AdminCourse -->
