<?xml version="1.0" encoding="UTF-8"?>
<!-- Generated by org.testng.reporters.JUnitReportReporter -->
<testsuite hostname="DESKTOP-0IRRNAO" failures="0" tests="2" name="com.ictak.scripts.Adminhome" time="18.616" errors="0" timestamp="2022-03-11T22:14:17 IST" skipped="0">
  <testcase classname="com.ictak.scripts.Adminhome" name="verifyAdminhomepage" time="15.396"/>
  <system-out/>
  <testcase classname="com.ictak.scripts.Adminhome" name="verifyAdminhomepagecourse" time="3.220"/>
  <system-out/>
</testsuite> <!-- com.ictak.scripts.Adminhome -->
