<?xml version="1.0" encoding="UTF-8"?>
<!-- Generated by org.testng.reporters.JUnitReportReporter -->
<testsuite hostname="DESKTOP-0IRRNAO" failures="0" tests="1" name="com.ictak.scripts.Adminlogin" time="5.541" errors="0" timestamp="2022-03-06T09:23:25 IST" skipped="0">
  <testcase classname="com.ictak.scripts.Adminlogin" name="verifyAdminpage" time="5.541"/>
  <system-out/>
</testsuite> <!-- com.ictak.scripts.Adminlogin -->
