<?xml version="1.0" encoding="UTF-8"?>
<!-- Generated by org.testng.reporters.JUnitReportReporter -->
<testsuite hostname="DESKTOP-0IRRNAO" failures="0" tests="2" name="com.ictak.scripts.StudentEmailValidation" time="21.907" errors="0" timestamp="2022-03-05T16:56:09 IST" skipped="0">
  <testcase classname="com.ictak.scripts.StudentEmailValidation" name="verifyStudentRegistrationEmailPositive" time="6.930"/>
  <system-out/>
  <testcase classname="com.ictak.scripts.StudentEmailValidation" name="verifyStudentRegistrationEmailValidationNegative" time="14.977"/>
  <system-out/>
</testsuite> <!-- com.ictak.scripts.StudentEmailValidation -->
