<?xml version="1.0" encoding="UTF-8"?>
<!-- Generated by org.testng.reporters.JUnitReportReporter -->
<testsuite hostname="DESKTOP-0IRRNAO" failures="0" tests="2" name="com.ictak.scripts.EmployeeEmailValidationPage" time="12.560" errors="0" timestamp="2022-03-07T15:57:18 IST" skipped="0">
  <testcase classname="com.ictak.scripts.EmployeeEmailValidationPage" name="verifyEmployeeEmailPositive" time="11.579"/>
  <system-out/>
  <testcase classname="com.ictak.scripts.EmployeeEmailValidationPage" name="verifyEmployeeEmailNegative" time="0.981"/>
  <system-out/>
</testsuite> <!-- com.ictak.scripts.EmployeeEmailValidationPage -->
