<?xml version="1.0" encoding="UTF-8"?>
<!-- Generated by org.testng.reporters.JUnitReportReporter -->
<testsuite hostname="DESKTOP-0IRRNAO" failures="0" tests="1" name="com.ictak.scripts.StudentOptionalField" time="17.338" errors="0" timestamp="2022-03-12T11:54:55 IST" skipped="0">
  <testcase classname="com.ictak.scripts.StudentOptionalField" name="verifyStudentQualificationOptional" time="17.338"/>
  <system-out/>
</testsuite> <!-- com.ictak.scripts.StudentOptionalField -->
