<?xml version="1.0" encoding="UTF-8"?>
<!-- Generated by org.testng.reporters.JUnitReportReporter -->
<testsuite hostname="DESKTOP-0IRRNAO" failures="0" tests="5" name="com.ictak.scripts.EmployeePasswordValidationPage" time="6.805" errors="0" timestamp="2022-03-07T16:57:52 IST" skipped="0">
  <testcase classname="com.ictak.scripts.EmployeePasswordValidationPage" name="verifyEmployeePasswordPositive" time="5.500"/>
  <system-out/>
  <testcase classname="com.ictak.scripts.EmployeePasswordValidationPage" name="verifyEmployeePasswordNegative1" time="0.306"/>
  <system-out/>
  <testcase classname="com.ictak.scripts.EmployeePasswordValidationPage" name="verifyEmployeePasswordNegative2" time="0.272"/>
  <system-out/>
  <testcase classname="com.ictak.scripts.EmployeePasswordValidationPage" name="verifyEmployeePasswordNegative3" time="0.281"/>
  <system-out/>
  <testcase classname="com.ictak.scripts.EmployeePasswordValidationPage" name="verifyEmployeePasswordNegative4" time="0.446"/>
  <system-out/>
</testsuite> <!-- com.ictak.scripts.EmployeePasswordValidationPage -->
