<?xml version="1.0" encoding="UTF-8"?>
<!-- Generated by org.testng.reporters.JUnitReportReporter -->
<testsuite hostname="DESKTOP-0IRRNAO" failures="0" tests="3" name="com.ictak.scripts.Studentphonenumber" time="10.485" errors="0" timestamp="2022-03-06T21:55:59 IST" skipped="0">
  <testcase classname="com.ictak.scripts.Studentphonenumber" name="verifyStudentRegistrationPhonePositive" time="9.505"/>
  <system-out/>
  <testcase classname="com.ictak.scripts.Studentphonenumber" name="verifyStudentRegistrationPhoneNegative1" time="0.480"/>
  <system-out/>
  <testcase classname="com.ictak.scripts.Studentphonenumber" name="verifyStudentRegistrationPhoneNegative2" time="0.500"/>
  <system-out/>
</testsuite> <!-- com.ictak.scripts.Studentphonenumber -->
