<?xml version="1.0" encoding="UTF-8"?>
<!-- Generated by org.testng.reporters.JUnitReportReporter -->
<testsuite hostname="DESKTOP-0IRRNAO" failures="0" tests="3" name="com.ictak.scripts.AdminEditCourse" time="16.535" errors="0" timestamp="2022-03-08T22:43:02 IST" skipped="0">
  <testcase classname="com.ictak.scripts.AdminEditCourse" name="verifyAdmincourseEdit" time="13.466"/>
  <system-out/>
  <testcase classname="com.ictak.scripts.AdminEditCourse" name="verifyAdmincourseReset" time="0.255"/>
  <system-out/>
  <testcase classname="com.ictak.scripts.AdminEditCourse" name="verifyAdmincourseDelete" time="2.814"/>
  <system-out/>
</testsuite> <!-- com.ictak.scripts.AdminEditCourse -->
