<?xml version="1.0" encoding="UTF-8"?>
<!-- Generated by org.testng.reporters.JUnitReportReporter -->
<testsuite hostname="DESKTOP-0IRRNAO" failures="0" tests="2" name="com.ictak.scripts.EmployeeRegistration" time="15.660" errors="0" timestamp="2022-03-07T15:21:03 IST" skipped="0">
  <testcase classname="com.ictak.scripts.EmployeeRegistration" name="verifyEmployeeRegistrationPositive" time="14.495"/>
  <system-out/>
  <testcase classname="com.ictak.scripts.EmployeeRegistration" name="verifyEmployeeRegistrationNull" time="1.165"/>
  <system-out/>
</testsuite> <!-- com.ictak.scripts.EmployeeRegistration -->
