<?xml version="1.0" encoding="UTF-8"?>
<!-- Generated by org.testng.reporters.JUnitReportReporter -->
<testsuite hostname="DESKTOP-0IRRNAO" failures="0" tests="2" name="com.ictak.scripts.StudentEmailValidationPage" time="4.188" errors="0" timestamp="2022-03-06T20:05:13 IST" skipped="0">
  <testcase classname="com.ictak.scripts.StudentEmailValidationPage" name="verifyStudentRegistrationEmailPositive" time="3.785"/>
  <system-out/>
  <testcase classname="com.ictak.scripts.StudentEmailValidationPage" name="verifyStudentRegistrationEmailValidationNegative" time="0.403"/>
  <system-out/>
</testsuite> <!-- com.ictak.scripts.StudentEmailValidationPage -->
